<?xml version="1.0" encoding="utf-8"?><testsuites name="pytest tests"><testsuite name="pytest" errors="0" failures="0" skipped="0" tests="10" time="7.404" timestamp="2026-05-28T15:22:03.812257+00:00" hostname="agent-env-7284b94b-ab21-46d2-bdc7-e82acab3dedb"><testcase classname="backend.tests.test_inventory_api" name="test_root" time="0.264" /><testcase classname="backend.tests.test_inventory_api" name="test_upload_sample_xlsx" time="0.285" /><testcase classname="backend.tests.test_inventory_api" name="test_upload_rejects_non_xlsx" time="0.054" /><testcase classname="backend.tests.test_inventory_api" name="test_upload_rejects_malformed_xlsx" time="0.054" /><testcase classname="backend.tests.test_inventory_api" name="test_get_job" time="0.076" /><testcase classname="backend.tests.test_inventory_api" name="test_get_job_404" time="0.049" /><testcase classname="backend.tests.test_inventory_api" name="test_list_jobs" time="0.071" /><testcase classname="backend.tests.test_inventory_api" name="test_reasoning" time="5.895" /><testcase classname="backend.tests.test_inventory_api" name="test_download_xlsx" time="0.452" /><testcase classname="backend.tests.test_inventory_api" name="test_download_404" time="0.049" /></testsuite></testsuites>